[debug] [2025-07-13T14:00:23.656Z] ----------------------------------------------------------------------
[debug] [2025-07-13T14:00:23.659Z] Command:       C:\Program Files\nodejs\node.exe C:\Users\HP\AppData\Roaming\npm\node_modules\firebase-tools\lib\bin\firebase.js init
[debug] [2025-07-13T14:00:23.660Z] CLI Version:   14.10.1
[debug] [2025-07-13T14:00:23.660Z] Platform:      win32
[debug] [2025-07-13T14:00:23.660Z] Node Version:  v22.17.0
[debug] [2025-07-13T14:00:23.660Z] Time:          Sun Jul 13 2025 19:30:23 GMT+0530 (India Standard Time)
[debug] [2025-07-13T14:00:23.661Z] ----------------------------------------------------------------------
[debug] 
[debug] [2025-07-13T14:00:23.663Z] >>> [apiv2][query] GET https://firebase-public.firebaseio.com/cli.json [none]
[debug] [2025-07-13T14:00:23.973Z] > command requires scopes: ["email","openid","https://www.googleapis.com/auth/cloudplatformprojects.readonly","https://www.googleapis.com/auth/firebase","https://www.googleapis.com/auth/cloud-platform"]
[debug] [2025-07-13T14:00:23.973Z] > authorizing via signed-in user (manikanta.raja5@gmail.com)
[info] 
     ######## #### ########  ######## ########     ###     ######  ########
     ##        ##  ##     ## ##       ##     ##  ##   ##  ##       ##
     ######    ##  ########  ######   ########  #########  ######  ######
     ##        ##  ##    ##  ##       ##     ## ##     ##       ## ##
     ##       #### ##     ## ######## ########  ##     ##  ######  ########

You're about to initialize a Firebase project in this directory:

  C:\Users\HP\Downloads\ravan-social-starter

Before we get started, keep in mind:

  * You are initializing within an existing Firebase project directory

[debug] [2025-07-13T14:00:24.603Z] <<< [apiv2][status] GET https://firebase-public.firebaseio.com/cli.json 200
[debug] [2025-07-13T14:00:24.603Z] <<< [apiv2][body] GET https://firebase-public.firebaseio.com/cli.json {"cloudBuildErrorAfter":1594252800000,"cloudBuildWarnAfter":1590019200000,"defaultNode10After":1594252800000,"minVersion":"3.0.5","node8DeploysDisabledAfter":1613390400000,"node8RuntimeDisabledAfter":1615809600000,"node8WarnAfter":1600128000000}
[info] 
=== Project Setup
[info] 
[info] First, let's associate this project directory with a Firebase project.
[info] You can create multiple project aliases by running firebase use --add, 
[info] but for now we'll just set up a default project.
[info] 
[debug] [2025-07-13T14:01:29.254Z] Using project from CLI flag: ravan-social
[debug] [2025-07-13T14:01:29.256Z] Checked if tokens are valid: false, expires at: 1752272039162
[debug] [2025-07-13T14:01:29.256Z] Checked if tokens are valid: false, expires at: 1752272039162
[debug] [2025-07-13T14:01:29.256Z] > refreshing access token with scopes: []
[debug] [2025-07-13T14:01:29.260Z] >>> [apiv2][query] POST https://www.googleapis.com/oauth2/v3/token [none]
[debug] [2025-07-13T14:01:29.260Z] >>> [apiv2][body] POST https://www.googleapis.com/oauth2/v3/token [omitted]
[debug] [2025-07-13T14:01:29.443Z] <<< [apiv2][status] POST https://www.googleapis.com/oauth2/v3/token 200
[debug] [2025-07-13T14:01:29.443Z] <<< [apiv2][body] POST https://www.googleapis.com/oauth2/v3/token [omitted]
[debug] [2025-07-13T14:01:29.457Z] >>> [apiv2][query] GET https://firebase.googleapis.com/v1beta1/projects/ravan-social [none]
[debug] [2025-07-13T14:01:29.852Z] <<< [apiv2][status] GET https://firebase.googleapis.com/v1beta1/projects/ravan-social 200
[debug] [2025-07-13T14:01:29.853Z] <<< [apiv2][body] GET https://firebase.googleapis.com/v1beta1/projects/ravan-social {"projectId":"ravan-social","projectNumber":"650934238146","displayName":"ravan-social","name":"projects/ravan-social","resources":{"hostingSite":"ravan-social"},"state":"ACTIVE","etag":"1_5a7a2b23-9e50-46bb-8cde-d5a61965773b"}
[info] i  Using project ravan-social (ravan-social) 
[info] 
=== Firestore Setup
[info] i  firestore: ensuring required API firestore.googleapis.com is enabled... 
[debug] [2025-07-13T14:01:29.860Z] Checked if tokens are valid: true, expires at: 1752418888444
[debug] [2025-07-13T14:01:29.860Z] Checked if tokens are valid: true, expires at: 1752418888444
[debug] [2025-07-13T14:01:29.860Z] >>> [apiv2][query] GET https://serviceusage.googleapis.com/v1/projects/ravan-social/services/firestore.googleapis.com [none]
[debug] [2025-07-13T14:01:29.860Z] >>> [apiv2][(partial)header] GET https://serviceusage.googleapis.com/v1/projects/ravan-social/services/firestore.googleapis.com x-goog-quota-user=projects/ravan-social
[debug] [2025-07-13T14:01:31.673Z] <<< [apiv2][status] GET https://serviceusage.googleapis.com/v1/projects/ravan-social/services/firestore.googleapis.com 200
[debug] [2025-07-13T14:01:31.673Z] <<< [apiv2][body] GET https://serviceusage.googleapis.com/v1/projects/ravan-social/services/firestore.googleapis.com [omitted]
[info] +  firestore: required API firestore.googleapis.com is enabled 
[debug] [2025-07-13T14:01:31.689Z] Checked if tokens are valid: true, expires at: 1752418888444
[debug] [2025-07-13T14:01:31.689Z] Checked if tokens are valid: true, expires at: 1752418888444
[debug] [2025-07-13T14:01:31.689Z] >>> [apiv2][query] GET https://firestore.googleapis.com/v1/projects/ravan-social/databases [none]
[debug] [2025-07-13T14:01:32.377Z] <<< [apiv2][status] GET https://firestore.googleapis.com/v1/projects/ravan-social/databases 200
[debug] [2025-07-13T14:01:32.377Z] <<< [apiv2][body] GET https://firestore.googleapis.com/v1/projects/ravan-social/databases {"databases":[{"name":"projects/ravan-social/databases/(default)","uid":"0c7631c7-b9e3-4ce1-845f-f274047a1695","createTime":"2025-07-13T13:32:20.776027Z","updateTime":"2025-07-13T13:32:20.776027Z","locationId":"nam5","type":"FIRESTORE_NATIVE","concurrencyMode":"PESSIMISTIC","versionRetentionPeriod":"3600s","earliestVersionTime":"2025-07-13T13:32:20.776027Z","appEngineIntegrationMode":"DISABLED","keyPrefix":"s","pointInTimeRecoveryEnablement":"POINT_IN_TIME_RECOVERY_DISABLED","deleteProtectionState":"DELETE_PROTECTION_DISABLED","databaseEdition":"STANDARD","freeTier":true,"etag":"IMWq4df/uY4DMNvw45T5uY4D"}]}
[info] 
[info] Firestore Security Rules allow you to define how and when to allow
[info] requests. You can keep these rules in your project directory
[info] and publish them with firebase deploy.
[info] 
[debug] [2025-07-13T14:02:24.367Z] Checked if tokens are valid: true, expires at: 1752418888444
[debug] [2025-07-13T14:02:24.367Z] Checked if tokens are valid: true, expires at: 1752418888444
[debug] [2025-07-13T14:02:24.368Z] >>> [apiv2][query] GET https://firebaserules.googleapis.com/v1/projects/ravan-social/releases pageSize=10&pageToken=
[debug] [2025-07-13T14:02:25.754Z] <<< [apiv2][status] GET https://firebaserules.googleapis.com/v1/projects/ravan-social/releases 200
[debug] [2025-07-13T14:02:25.754Z] <<< [apiv2][body] GET https://firebaserules.googleapis.com/v1/projects/ravan-social/releases {"releases":[{"name":"projects/ravan-social/releases/cloud.firestore","rulesetName":"projects/ravan-social/rulesets/700bf8d2-8b58-4a53-a71f-3753ba368a74","createTime":"2025-07-13T13:32:27.369169Z","updateTime":"2025-07-13T13:32:27.369169Z"},{"name":"projects/ravan-social/releases/firebase.storage/ravan-social.firebasestorage.app","rulesetName":"projects/ravan-social/rulesets/8457c6ce-0241-4e0b-b088-cff27c466c83","createTime":"2025-07-13T13:38:59.151362Z","updateTime":"2025-07-13T13:38:59.151362Z"}]}
[debug] [2025-07-13T14:02:25.775Z] Checked if tokens are valid: true, expires at: 1752418888444
[debug] [2025-07-13T14:02:25.775Z] Checked if tokens are valid: true, expires at: 1752418888444
[debug] [2025-07-13T14:02:25.776Z] >>> [apiv2][query] GET https://firebaserules.googleapis.com/v1/projects/ravan-social/rulesets/700bf8d2-8b58-4a53-a71f-3753ba368a74 [none]
[debug] [2025-07-13T14:02:27.099Z] <<< [apiv2][status] GET https://firebaserules.googleapis.com/v1/projects/ravan-social/rulesets/700bf8d2-8b58-4a53-a71f-3753ba368a74 200
[debug] [2025-07-13T14:02:27.099Z] <<< [apiv2][body] GET https://firebaserules.googleapis.com/v1/projects/ravan-social/rulesets/700bf8d2-8b58-4a53-a71f-3753ba368a74 [omitted]
[info] i  Downloaded the existing Firestore Security Rules from the Firebase console 
[info] 
[info] Firestore indexes allow you to perform complex queries while
[info] maintaining performance that scales with the size of the result
[info] set. You can keep index definitions in your project directory
[info] and publish them with firebase deploy.
[info] 
[debug] [2025-07-13T14:02:40.465Z] Checked if tokens are valid: true, expires at: 1752418888444
[debug] [2025-07-13T14:02:40.466Z] Checked if tokens are valid: true, expires at: 1752418888444
[debug] [2025-07-13T14:02:40.466Z] Checked if tokens are valid: true, expires at: 1752418888444
[debug] [2025-07-13T14:02:40.466Z] Checked if tokens are valid: true, expires at: 1752418888444
[debug] [2025-07-13T14:02:40.467Z] >>> [apiv2][query] GET https://firestore.googleapis.com/v1/projects/ravan-social/databases/(default)/collectionGroups/-/indexes [none]
[debug] [2025-07-13T14:02:40.475Z] >>> [apiv2][query] GET https://firestore.googleapis.com/v1/projects/ravan-social/databases/(default)/collectionGroups/-/fields?filter=indexConfig.usesAncestorConfig=false OR ttlConfig:* [none]
[debug] [2025-07-13T14:02:42.283Z] <<< [apiv2][status] GET https://firestore.googleapis.com/v1/projects/ravan-social/databases/(default)/collectionGroups/-/indexes 200
[debug] [2025-07-13T14:02:42.284Z] <<< [apiv2][body] GET https://firestore.googleapis.com/v1/projects/ravan-social/databases/(default)/collectionGroups/-/indexes {}
[debug] [2025-07-13T14:02:42.674Z] <<< [apiv2][status] GET https://firestore.googleapis.com/v1/projects/ravan-social/databases/(default)/collectionGroups/-/fields?filter=indexConfig.usesAncestorConfig=false OR ttlConfig:* 200
[debug] [2025-07-13T14:02:42.674Z] <<< [apiv2][body] GET https://firestore.googleapis.com/v1/projects/ravan-social/databases/(default)/collectionGroups/-/fields?filter=indexConfig.usesAncestorConfig=false OR ttlConfig:* {"fields":[{"name":"projects/ravan-social/databases/(default)/collectionGroups/__default__/fields/*","indexConfig":{"indexes":[{"queryScope":"COLLECTION","fields":[{"fieldPath":"*","order":"ASCENDING"}],"state":"READY"},{"queryScope":"COLLECTION","fields":[{"fieldPath":"*","order":"DESCENDING"}],"state":"READY"},{"queryScope":"COLLECTION","fields":[{"fieldPath":"*","arrayConfig":"CONTAINS"}],"state":"READY"}]}}]}
[info] i  Downloaded the existing Firestore indexes from the Firebase console 
[info] +  Wrote firestore.rules 
[info] +  Wrote firestore.indexes.json 
[info] 
=== Functions Setup
[debug] [2025-07-13T14:02:42.680Z] > command requires scopes: ["email","openid","https://www.googleapis.com/auth/cloudplatformprojects.readonly","https://www.googleapis.com/auth/firebase","https://www.googleapis.com/auth/cloud-platform"]
[debug] [2025-07-13T14:02:42.680Z] > authorizing via signed-in user (manikanta.raja5@gmail.com)
[debug] [2025-07-13T14:02:42.680Z] [iam] checking project ravan-social for permissions ["firebase.projects.get"]
[debug] [2025-07-13T14:02:42.680Z] Checked if tokens are valid: true, expires at: 1752418888444
[debug] [2025-07-13T14:02:42.680Z] Checked if tokens are valid: true, expires at: 1752418888444
[debug] [2025-07-13T14:02:42.681Z] >>> [apiv2][query] POST https://cloudresourcemanager.googleapis.com/v1/projects/ravan-social:testIamPermissions [none]
[debug] [2025-07-13T14:02:42.681Z] >>> [apiv2][(partial)header] POST https://cloudresourcemanager.googleapis.com/v1/projects/ravan-social:testIamPermissions x-goog-quota-user=projects/ravan-social
[debug] [2025-07-13T14:02:42.681Z] >>> [apiv2][body] POST https://cloudresourcemanager.googleapis.com/v1/projects/ravan-social:testIamPermissions {"permissions":["firebase.projects.get"]}
